0 info it worked if it ends with ok
1 verbose cli [ 'node', '/usr/local/bin/npm', 'run', 'server' ]
2 info using npm@1.4.28
3 info using node@v0.10.32
4 verbose run-script [ 'preserver', 'server', 'postserver' ]
5 info preserver blog@0.0.1
6 info server blog@0.0.1
7 verbose unsafe-perm in lifecycle true
8 info blog@0.0.1 Failed to exec server script
9 error blog@0.0.1 server: `node index.js && gulp`
9 error Exit status 139
10 error Failed at the blog@0.0.1 server script.
10 error This is most likely a problem with the blog package,
10 error not with npm itself.
10 error Tell the author that this fails on your system:
10 error     node index.js && gulp
10 error You can get their info via:
10 error     npm owner ls blog
10 error There is likely additional logging output above.
11 error System Darwin 14.4.0
12 error command "node" "/usr/local/bin/npm" "run" "server"
13 error cwd /Users/franklinjavier/Projects/blog
14 error node -v v0.10.32
15 error npm -v 1.4.28
16 error code ELIFECYCLE
17 verbose exit [ 1, true ]
